[debug] [2023-10-11T12:47:03.343Z] ----------------------------------------------------------------------
[debug] [2023-10-11T12:47:03.345Z] Command:       C:\Program Files\nodejs\node.exe C:\Users\volko\AppData\Roaming\npm\node_modules\firebase-tools\lib\bin\firebase.js init
[debug] [2023-10-11T12:47:03.346Z] CLI Version:   12.6.2
[debug] [2023-10-11T12:47:03.346Z] Platform:      win32
[debug] [2023-10-11T12:47:03.346Z] Node Version:  v20.6.1
[debug] [2023-10-11T12:47:03.346Z] Time:          Wed Oct 11 2023 14:47:03 GMT+0200 (heure d’été d’Europe centrale)
[debug] [2023-10-11T12:47:03.346Z] ----------------------------------------------------------------------
[debug] 
[debug] [2023-10-11T12:47:03.352Z] > command requires scopes: ["email","openid","https://www.googleapis.com/auth/cloudplatformprojects.readonly","https://www.googleapis.com/auth/firebase","https://www.googleapis.com/auth/cloud-platform"]
[debug] [2023-10-11T12:47:03.353Z] > authorizing via signed-in user (volkovolko76@gmail.com)
[info] 
     ######## #### ########  ######## ########     ###     ######  ########
     ##        ##  ##     ## ##       ##     ##  ##   ##  ##       ##
     ######    ##  ########  ######   ########  #########  ######  ######
     ##        ##  ##    ##  ##       ##     ## ##     ##       ## ##
     ##       #### ##     ## ######## ########  ##     ##  ######  ########

You're about to initialize a Firebase project in this directory:

  D:\Scripts\NodeJS\Learn Firebase\learnfirebase

[info] 
=== Project Setup
[info] 
[info] First, let's associate this project directory with a Firebase project.
[info] You can create multiple project aliases by running firebase use --add, 
[info] but for now we'll just set up a default project.
[info] 
[debug] [2023-10-11T12:47:57.362Z] >>> [apiv2][query] GET https://firebase.googleapis.com/v1beta1/projects pageSize=100
[debug] [2023-10-11T12:47:57.835Z] <<< [apiv2][status] GET https://firebase.googleapis.com/v1beta1/projects 200
[debug] [2023-10-11T12:47:57.835Z] <<< [apiv2][body] GET https://firebase.googleapis.com/v1beta1/projects [omitted]
[info] i  Using project learn-react-93a45 (Learn React) 
[info] 
=== Hosting Setup
[info] 
[info] Your public directory is the folder (relative to your project directory) that
[info] will contain Hosting assets to be uploaded with firebase deploy. If you
[info] have a build process for your assets, use your build's output directory.
[info] 
[info] +  Wrote public/404.html 
[debug] [2023-10-11T12:49:12.737Z] >>> [apiv2][query] GET https://www.gstatic.com/firebasejs/releases.json [none]
[debug] [2023-10-11T12:49:12.861Z] <<< [apiv2][status] GET https://www.gstatic.com/firebasejs/releases.json 200
[debug] [2023-10-11T12:49:12.862Z] <<< [apiv2][body] GET https://www.gstatic.com/firebasejs/releases.json {"current":{"version":"10.4.0","browserURL":"https://www.gstatic.com/firebasejs/10.4.0/firebase.js","packageURL":"https://www.gstatic.com/firebasejs/10.4.0/firebase.tgz"},"live":{"version":"10.4","browserURL":"https://www.gstatic.com/firebasejs/live/10.4/firebase.js","packageURL":"https://www.gstatic.com/firebasejs/live/10.4/firebase.tgz"},"components":{"analytics":"https://www.gstatic.com/firebasejs/10.4.0/firebase-analytics.js","app":"https://www.gstatic.com/firebasejs/10.4.0/firebase-app.js","app-check":"https://www.gstatic.com/firebasejs/10.4.0/firebase-app-check.js","auth":"https://www.gstatic.com/firebasejs/10.4.0/firebase-auth.js","auth/cordova":"https://www.gstatic.com/firebasejs/10.4.0/firebase-auth/cordova.js","functions":"https://www.gstatic.com/firebasejs/10.4.0/firebase-functions.js","firestore":"https://www.gstatic.com/firebasejs/10.4.0/firebase-firestore.js","firestore/lite":"https://www.gstatic.com/firebasejs/10.4.0/firebase-firestore/lite.js","installations":"https://www.gstatic.com/firebasejs/10.4.0/firebase-installations.js","storage":"https://www.gstatic.com/firebasejs/10.4.0/firebase-storage.js","performance":"https://www.gstatic.com/firebasejs/10.4.0/firebase-performance.js","remote-config":"https://www.gstatic.com/firebasejs/10.4.0/firebase-remote-config.js","messaging":"https://www.gstatic.com/firebasejs/10.4.0/firebase-messaging.js","messaging/sw":"https://www.gstatic.com/firebasejs/10.4.0/firebase-messaging/sw.js","database":"https://www.gstatic.com/firebasejs/10.4.0/firebase-database.js","firestore.memory":"https://www.gstatic.com/firebasejs/10.4.0/firebase-firestore.memory.js"}}
[info] i  Skipping write of public/index.html 
[info] 
[info] i  Detected a .git folder at D:\Scripts\NodeJS\Learn Firebase\learnfirebase 
[info] i  Authorizing with GitHub to upload your service account to a GitHub repository's secrets store. 
[info] 
[info] Visit this URL on this device to log in:
[info] https://github.com/login/oauth/authorize?client_id=89cf50f02ac6aaed3484&state=405052329&redirect_uri=http%3A%2F%2Flocalhost%3A9005&scope=read%3Auser%20repo%20public_repo
[info] 
[info] Waiting for authentication...
[debug] [2023-10-11T12:49:32.652Z] >>> [apiv2][query] POST https://github.com/login/oauth/access_token [none]
[debug] [2023-10-11T12:49:32.652Z] >>> [apiv2][body] POST https://github.com/login/oauth/access_token [stream]
[debug] [2023-10-11T12:49:33.135Z] <<< [apiv2][status] POST https://github.com/login/oauth/access_token 200
[debug] [2023-10-11T12:49:33.135Z] <<< [apiv2][body] POST https://github.com/login/oauth/access_token {"access_token":"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","token_type":"bearer","scope":"read:user,repo"}
[debug] [2023-10-11T12:49:33.138Z] >>> [apiv2][query] GET https://api.github.com/user [none]
[debug] [2023-10-11T12:49:33.411Z] <<< [apiv2][status] GET https://api.github.com/user 200
[debug] [2023-10-11T12:49:33.412Z] <<< [apiv2][body] GET https://api.github.com/user {"login":"Volko61","id":147256076,"node_id":"U_kgDOCMbzDA","avatar_url":"https://avatars.githubusercontent.com/u/147256076?v=4","gravatar_id":"","url":"https://api.github.com/users/Volko61","html_url":"https://github.com/Volko61","followers_url":"https://api.github.com/users/Volko61/followers","following_url":"https://api.github.com/users/Volko61/following{/other_user}","gists_url":"https://api.github.com/users/Volko61/gists{/gist_id}","starred_url":"https://api.github.com/users/Volko61/starred{/owner}{/repo}","subscriptions_url":"https://api.github.com/users/Volko61/subscriptions","organizations_url":"https://api.github.com/users/Volko61/orgs","repos_url":"https://api.github.com/users/Volko61/repos","events_url":"https://api.github.com/users/Volko61/events{/privacy}","received_events_url":"https://api.github.com/users/Volko61/received_events","type":"User","site_admin":false,"name":null,"company":null,"blog":"","location":null,"email":null,"hireable":null,"bio":null,"twitter_username":null,"public_repos":3,"public_gists":0,"followers":0,"following":0,"created_at":"2023-10-07T13:23:50Z","updated_at":"2023-10-11T07:24:38Z","private_gists":0,"total_private_repos":0,"owned_private_repos":0,"disk_usage":227,"collaborators":0,"two_factor_authentication":false,"plan":{"name":"pro","space":976562499,"collaborators":0,"private_repos":9999}}
[info] 
[info] +  Success! Logged into GitHub as Volko61 
[info] 
